<?xml version="1.0" encoding="UTF-8"?>
<testsuite name="com.springboot.peter.web.IndexControllerTest" tests="1" skipped="0" failures="0" errors="0" timestamp="2020-02-24T13:50:32" hostname="Gwangyuui-MacBookPro.local" time="0.175">
  <properties/>
  <testcase name="메인페이지" classname="com.springboot.peter.web.IndexControllerTest" time="0.175"/>
  <system-out><![CDATA[2020-02-24 22:50:28.687  INFO 99360 --- [    Test worker] .b.t.c.SpringBootTestContextBootstrapper : Neither @ContextConfiguration nor @ContextHierarchy found for test class [com.springboot.peter.web.IndexControllerTest], using SpringBootContextLoader
2020-02-24 22:50:28.688  INFO 99360 --- [    Test worker] o.s.t.c.support.AbstractContextLoader    : Could not detect default resource locations for test class [com.springboot.peter.web.IndexControllerTest]: no resource found for suffixes {-context.xml, Context.groovy}.
2020-02-24 22:50:28.688  INFO 99360 --- [    Test worker] t.c.s.AnnotationConfigContextLoaderUtils : Could not detect default configuration classes for test class [com.springboot.peter.web.IndexControllerTest]: IndexControllerTest does not declare any static, non-private, non-final, nested classes annotated with @Configuration.
2020-02-24 22:50:28.690  INFO 99360 --- [    Test worker] .b.t.c.SpringBootTestContextBootstrapper : Found @SpringBootConfiguration com.springboot.peter.Application for test class com.springboot.peter.web.IndexControllerTest
2020-02-24 22:50:28.691  INFO 99360 --- [    Test worker] .b.t.c.SpringBootTestContextBootstrapper : Loaded default TestExecutionListener class names from location [META-INF/spring.factories]: [org.springframework.security.test.context.support.WithSecurityContextTestExecutionListener, org.springframework.security.test.context.support.ReactorContextTestExecutionListener, org.springframework.boot.test.autoconfigure.restdocs.RestDocsTestExecutionListener, org.springframework.boot.test.autoconfigure.web.client.MockRestServiceServerResetTestExecutionListener, org.springframework.boot.test.autoconfigure.web.servlet.MockMvcPrintOnlyOnFailureTestExecutionListener, org.springframework.boot.test.autoconfigure.web.servlet.WebDriverTestExecutionListener, org.springframework.boot.test.mock.mockito.MockitoTestExecutionListener, org.springframework.boot.test.mock.mockito.ResetMocksTestExecutionListener, org.springframework.test.context.web.ServletTestExecutionListener, org.springframework.test.context.support.DirtiesContextBeforeModesTestExecutionListener, org.springframework.test.context.support.DependencyInjectionTestExecutionListener, org.springframework.test.context.support.DirtiesContextTestExecutionListener, org.springframework.test.context.transaction.TransactionalTestExecutionListener, org.springframework.test.context.jdbc.SqlScriptsTestExecutionListener]
2020-02-24 22:50:28.692  INFO 99360 --- [    Test worker] .b.t.c.SpringBootTestContextBootstrapper : Using TestExecutionListeners: [org.springframework.test.context.web.ServletTestExecutionListener@d129726, org.springframework.test.context.support.DirtiesContextBeforeModesTestExecutionListener@1ef0f0c4, org.springframework.boot.test.mock.mockito.MockitoTestExecutionListener@6396106f, org.springframework.boot.test.autoconfigure.SpringBootDependencyInjectionTestExecutionListener@19e2c91e, org.springframework.test.context.support.DirtiesContextTestExecutionListener@50c6a3, org.springframework.test.context.transaction.TransactionalTestExecutionListener@193f60bd, org.springframework.test.context.jdbc.SqlScriptsTestExecutionListener@4af91e9d, org.springframework.security.test.context.support.WithSecurityContextTestExecutionListener@455c94e5, org.springframework.security.test.context.support.ReactorContextTestExecutionListener@43bf3733, org.springframework.boot.test.autoconfigure.restdocs.RestDocsTestExecutionListener@21678d71, org.springframework.boot.test.autoconfigure.web.client.MockRestServiceServerResetTestExecutionListener@23686236, org.springframework.boot.test.autoconfigure.web.servlet.MockMvcPrintOnlyOnFailureTestExecutionListener@2b23102, org.springframework.boot.test.autoconfigure.web.servlet.WebDriverTestExecutionListener@380e88c8, org.springframework.boot.test.mock.mockito.ResetMocksTestExecutionListener@259f86bd]

  .   ____          _            __ _ _
 /\\ / ___'_ __ _ _(_)_ __  __ _ \ \ \ \
( ( )\___ | '_ | '_| | '_ \/ _` | \ \ \ \
 \\/  ___)| |_)| | | | | || (_| |  ) ) ) )
  '  |____| .__|_| |_|_| |_\__, | / / / /
 =========|_|==============|___/=/_/_/_/
 :: Spring Boot ::        (v2.1.7.RELEASE)

2020-02-24 22:50:28.726  INFO 99360 --- [    Test worker] c.s.peter.web.IndexControllerTest        : Starting IndexControllerTest on Gwangyuui-MacBookPro.local with PID 99360 (started by gwangyukim in /Users/gwangyukim/Documents/Java/spring-boot-project)
2020-02-24 22:50:28.726  INFO 99360 --- [    Test worker] c.s.peter.web.IndexControllerTest        : No active profile set, falling back to default profiles: default
2020-02-24 22:50:29.020  INFO 99360 --- [    Test worker] .s.d.r.c.RepositoryConfigurationDelegate : Bootstrapping Spring Data repositories in DEFAULT mode.
2020-02-24 22:50:29.085  INFO 99360 --- [    Test worker] .s.d.r.c.RepositoryConfigurationDelegate : Finished Spring Data repository scanning in 58ms. Found 2 repository interfaces.
2020-02-24 22:50:29.376  INFO 99360 --- [    Test worker] trationDelegate$BeanPostProcessorChecker : Bean 'org.springframework.transaction.annotation.ProxyTransactionManagementConfiguration' of type [org.springframework.transaction.annotation.ProxyTransactionManagementConfiguration$$EnhancerBySpringCGLIB$$f557c392] is not eligible for getting processed by all BeanPostProcessors (for example: not eligible for auto-proxying)
2020-02-24 22:50:29.670  INFO 99360 --- [    Test worker] o.s.b.w.embedded.tomcat.TomcatWebServer  : Tomcat initialized with port(s): 0 (http)
2020-02-24 22:50:29.693  INFO 99360 --- [    Test worker] o.apache.catalina.core.StandardService   : Starting service [Tomcat]
2020-02-24 22:50:29.693  INFO 99360 --- [    Test worker] org.apache.catalina.core.StandardEngine  : Starting Servlet engine: [Apache Tomcat/9.0.22]
2020-02-24 22:50:29.787  INFO 99360 --- [    Test worker] o.a.c.c.C.[Tomcat].[localhost].[/]       : Initializing Spring embedded WebApplicationContext
2020-02-24 22:50:29.787  INFO 99360 --- [    Test worker] o.s.web.context.ContextLoader            : Root WebApplicationContext: initialization completed in 1058 ms
2020-02-24 22:50:30.011  INFO 99360 --- [    Test worker] com.zaxxer.hikari.HikariDataSource       : HikariPool-1 - Starting...
2020-02-24 22:50:30.164  INFO 99360 --- [    Test worker] com.zaxxer.hikari.HikariDataSource       : HikariPool-1 - Start completed.
2020-02-24 22:50:30.238  INFO 99360 --- [    Test worker] o.hibernate.jpa.internal.util.LogHelper  : HHH000204: Processing PersistenceUnitInfo [
	name: default
	...]
2020-02-24 22:50:30.296  INFO 99360 --- [    Test worker] org.hibernate.Version                    : HHH000412: Hibernate Core {5.3.10.Final}
2020-02-24 22:50:30.299  INFO 99360 --- [    Test worker] org.hibernate.cfg.Environment            : HHH000206: hibernate.properties not found
2020-02-24 22:50:30.347  INFO 99360 --- [    Test worker] o.hibernate.annotations.common.Version   : HCANN000001: Hibernate Commons Annotations {5.0.4.Final}
2020-02-24 22:50:30.479  INFO 99360 --- [    Test worker] org.hibernate.dialect.Dialect            : HHH000400: Using dialect: org.hibernate.dialect.MySQL5InnoDBDialect
Hibernate: drop table if exists posts
Hibernate: drop table if exists user
Hibernate: create table posts (id bigint not null auto_increment, created_date datetime, modified_date datetime, author varchar(255), content TEXT not null, title varchar(500) not null, primary key (id)) engine=InnoDB
Hibernate: create table user (id bigint not null auto_increment, created_date datetime, modified_date datetime, email varchar(255) not null, name varchar(255) not null, picture varchar(255), role varchar(255) not null, primary key (id)) engine=InnoDB
2020-02-24 22:50:31.223  INFO 99360 --- [    Test worker] o.h.t.schema.internal.SchemaCreatorImpl  : HHH000476: Executing import script 'org.hibernate.tool.schema.internal.exec.ScriptSourceInputNonExistentImpl@29c854'
2020-02-24 22:50:31.226  INFO 99360 --- [    Test worker] j.LocalContainerEntityManagerFactoryBean : Initialized JPA EntityManagerFactory for persistence unit 'default'
2020-02-24 22:50:31.754  INFO 99360 --- [    Test worker] o.h.h.i.QueryTranslatorFactoryInitiator  : HHH000397: Using ASTQueryTranslatorFactory
2020-02-24 22:50:32.016  INFO 99360 --- [    Test worker] o.s.s.web.DefaultSecurityFilterChain     : Creating filter chain: any request, [org.springframework.security.web.context.request.async.WebAsyncManagerIntegrationFilter@72d6b5e4, org.springframework.security.web.context.SecurityContextPersistenceFilter@fb1d77e, org.springframework.security.web.header.HeaderWriterFilter@37f128fd, org.springframework.security.web.authentication.logout.LogoutFilter@6dac944a, org.springframework.security.oauth2.client.web.OAuth2AuthorizationRequestRedirectFilter@4822abb3, org.springframework.security.oauth2.client.web.OAuth2LoginAuthenticationFilter@3dd5f06e, org.springframework.security.web.authentication.ui.DefaultLoginPageGeneratingFilter@6c27a497, org.springframework.security.web.authentication.ui.DefaultLogoutPageGeneratingFilter@7302bc53, org.springframework.security.web.savedrequest.RequestCacheAwareFilter@57b76709, org.springframework.security.web.servletapi.SecurityContextHolderAwareRequestFilter@693f1bc2, org.springframework.security.web.authentication.AnonymousAuthenticationFilter@61c664dd, org.springframework.security.web.session.SessionManagementFilter@3ba7c75d, org.springframework.security.web.access.ExceptionTranslationFilter@74a59f6e, org.springframework.security.web.access.intercept.FilterSecurityInterceptor@3152c069]
2020-02-24 22:50:32.143  INFO 99360 --- [    Test worker] o.s.s.concurrent.ThreadPoolTaskExecutor  : Initializing ExecutorService 'applicationTaskExecutor'
2020-02-24 22:50:32.157  WARN 99360 --- [    Test worker] aWebConfiguration$JpaWebMvcConfiguration : spring.jpa.open-in-view is enabled by default. Therefore, database queries may be performed during view rendering. Explicitly configure spring.jpa.open-in-view to disable this warning
2020-02-24 22:50:32.181  INFO 99360 --- [    Test worker] o.s.b.a.w.s.WelcomePageHandlerMapping    : Adding welcome page template: index
2020-02-24 22:50:32.420  INFO 99360 --- [    Test worker] s.a.ScheduledAnnotationBeanPostProcessor : No TaskScheduler/ScheduledExecutorService bean found for scheduled processing
2020-02-24 22:50:32.441  INFO 99360 --- [    Test worker] o.s.b.w.embedded.tomcat.TomcatWebServer  : Tomcat started on port(s): 61916 (http) with context path ''
2020-02-24 22:50:32.442  INFO 99360 --- [    Test worker] c.s.peter.web.IndexControllerTest        : Started IndexControllerTest in 3.746 seconds (JVM running for 7.356)
2020-02-24 22:50:32.518  INFO 99360 --- [o-auto-1-exec-1] o.a.c.c.C.[Tomcat].[localhost].[/]       : Initializing Spring DispatcherServlet 'dispatcherServlet'
2020-02-24 22:50:32.519  INFO 99360 --- [o-auto-1-exec-1] o.s.web.servlet.DispatcherServlet        : Initializing Servlet 'dispatcherServlet'
2020-02-24 22:50:32.533  INFO 99360 --- [o-auto-1-exec-1] o.s.web.servlet.DispatcherServlet        : Completed initialization in 14 ms
Hibernate: select posts0_.id as id1_0_, posts0_.created_date as created_2_0_, posts0_.modified_date as modified3_0_, posts0_.author as author4_0_, posts0_.content as content5_0_, posts0_.title as title6_0_ from posts posts0_ order by posts0_.id DESC
]]></system-out>
  <system-err><![CDATA[]]></system-err>
</testsuite>
